<?xml version="1.0" encoding="UTF-8"?>
<testng-results skipped="0" failed="0" total="1" passed="1">
  <reporter-output>
  </reporter-output>
  <suite name="Default suite" duration-ms="106218" started-at="2018-02-02T12:12:53Z" finished-at="2018-02-02T12:14:39Z">
    <groups>
    </groups>
    <test name="Default test" duration-ms="106218" started-at="2018-02-02T12:12:53Z" finished-at="2018-02-02T12:14:39Z">
      <class name="DriverFactory.AppTest">
        <test-method status="PASS" signature="kickStart()[pri:0, instance:DriverFactory.AppTest@c038203]" name="kickStart" duration-ms="106198" started-at="2018-02-02T17:42:53Z" finished-at="2018-02-02T17:44:39Z">
          <reporter-output>
          </reporter-output>
        </test-method> <!-- kickStart -->
      </class> <!-- DriverFactory.AppTest -->
    </test> <!-- Default test -->
  </suite> <!-- Default suite -->
</testng-results>
